<?xml version="1.0" encoding="UTF-8" standalone="no"?>
<!DOCTYPE log SYSTEM "logger.dtd">
<log>
<record>
  <date>2023-08-11T10:16:48.131-0300</date>
  <logger>GABRIELE MEDEIROS CALAFANGE</logger>
  <level>FINE</level>
  <message>File 122110412-GABRIELE MEDEIROS CALAFANGE.zip was received. It was sent by GABRIELE MEDEIROS CALAFANGE from IP 150.165.42.217 at 11-08-2023 10*16*48</message>
</record>
</log>
<?xml version="1.0" encoding="UTF-8" standalone="no"?>
<!DOCTYPE log SYSTEM "logger.dtd">
<log>
<record>
  <date>2023-08-11T11:17:59.973-0300</date>
  <logger>GABRIELE MEDEIROS CALAFANGE</logger>
  <level>FINE</level>
  <message>File 122110412-GABRIELE MEDEIROS CALAFANGE.zip was received. It was sent by GABRIELE MEDEIROS CALAFANGE from IP 150.165.42.217 at 11-08-2023 11*17*59</message>
</record>
</log>
<?xml version="1.0" encoding="UTF-8" standalone="no"?>
<!DOCTYPE log SYSTEM "logger.dtd">
<log>
<record>
  <date>2023-08-11T19:48:56.636-0300</date>
  <logger>GABRIELE MEDEIROS CALAFANGE</logger>
  <level>FINE</level>
  <message>File 122110412-GABRIELE MEDEIROS CALAFANGE.zip was received. It was sent by GABRIELE MEDEIROS CALAFANGE from IP 192.168.0.111 at 11-08-2023 19*48*56</message>
</record>
</log>
<?xml version="1.0" encoding="UTF-8" standalone="no"?>
<!DOCTYPE log SYSTEM "logger.dtd">
<log>
<record>
  <date>2023-08-11T20:03:12.252-0300</date>
  <logger>GABRIELE MEDEIROS CALAFANGE</logger>
  <level>FINE</level>
  <message>File 122110412-GABRIELE MEDEIROS CALAFANGE.zip was received. It was sent by GABRIELE MEDEIROS CALAFANGE from IP 192.168.0.111 at 11-08-2023 20*03*12</message>
</record>
</log>
<?xml version="1.0" encoding="UTF-8" standalone="no"?>
<!DOCTYPE log SYSTEM "logger.dtd">
<log>
<record>
  <date>2023-08-15T18:06:25.989-0300</date>
  <logger>GABRIELE MEDEIROS CALAFANGE</logger>
  <level>FINE</level>
  <message>File 122110412-GABRIELE MEDEIROS CALAFANGE.zip was received. It was sent by GABRIELE MEDEIROS CALAFANGE from IP 192.168.0.111 at 15-08-2023 18*06*25</message>
</record>
</log>
<?xml version="1.0" encoding="UTF-8" standalone="no"?>
<!DOCTYPE log SYSTEM "logger.dtd">
<log>
<record>
  <date>2023-08-16T08:47:05.358-0300</date>
  <logger>GABRIELE MEDEIROS CALAFANGE</logger>
  <level>FINE</level>
  <message>File 122110412-GABRIELE MEDEIROS CALAFANGE.zip was received. It was sent by GABRIELE MEDEIROS CALAFANGE from IP 150.165.42.218 at 16-08-2023 08*47*05</message>
</record>
</log>
<?xml version="1.0" encoding="UTF-8" standalone="no"?>
<!DOCTYPE log SYSTEM "logger.dtd">
<log>
<record>
  <date>2023-08-17T08:27:48.542-0300</date>
  <logger>GABRIELE MEDEIROS CALAFANGE</logger>
  <level>FINE</level>
  <message>File 122110412-GABRIELE MEDEIROS CALAFANGE.zip was received. It was sent by GABRIELE MEDEIROS CALAFANGE from IP 192.168.0.111 at 17-08-2023 08*27*48</message>
</record>
</log>
<?xml version="1.0" encoding="UTF-8" standalone="no"?>
<!DOCTYPE log SYSTEM "logger.dtd">
<log>
<record>
  <date>2023-08-17T08:39:13.456-0300</date>
  <logger>GABRIELE MEDEIROS CALAFANGE</logger>
  <level>FINE</level>
  <message>File 122110412-GABRIELE MEDEIROS CALAFANGE.zip was received. It was sent by GABRIELE MEDEIROS CALAFANGE from IP 192.168.0.111 at 17-08-2023 08*39*13</message>
</record>
</log>
<?xml version="1.0" encoding="UTF-8" standalone="no"?>
<!DOCTYPE log SYSTEM "logger.dtd">
<log>
<record>
  <date>2023-08-17T09:23:45.572-0300</date>
  <logger>GABRIELE MEDEIROS CALAFANGE</logger>
  <level>FINE</level>
  <message>File 122110412-GABRIELE MEDEIROS CALAFANGE.zip was received. It was sent by GABRIELE MEDEIROS CALAFANGE from IP 192.168.0.111 at 17-08-2023 09*23*45</message>
</record>
</log>
<?xml version="1.0" encoding="UTF-8" standalone="no"?>
<!DOCTYPE log SYSTEM "logger.dtd">
<log>
<record>
  <date>2023-08-17T10:28:20.341-0300</date>
  <logger>GABRIELE MEDEIROS CALAFANGE</logger>
  <level>FINE</level>
  <message>File 122110412-GABRIELE MEDEIROS CALAFANGE.zip was received. It was sent by GABRIELE MEDEIROS CALAFANGE from IP 192.168.0.111 at 17-08-2023 10*28*20</message>
</record>
